<?xml version="1.0" encoding="UTF-8"?>
<!-- Generated by org.testng.reporters.JUnitXMLReporter -->
<testsuite ignored="3" hostname="MacBook" failures="0" tests="7" name="marketing" time="435.741" errors="0" timestamp="2025-05-30T16:45:55 IST">
  <testcase classname="com.mondh.vtiger.TestScript.MarketingAccountTestScript" name="verifyVT001CreateAccounts" time="16.795"/>
  <testcase classname="com.mondh.vtiger.TestScript.MarketingAccountTestScript" name="verifyVT001CreateAccounts" time="16.901"/>
  <testcase classname="com.mondh.vtiger.TestScript.MarketingAccountTestScript" name="verifyVT001CreateAccounts" time="16.718"/>
  <testcase classname="com.mondh.vtiger.TestScript.MarketingAccountTestScript" name="verifyVT001CreateAccounts" time="16.999"/>
  <testcase classname="com.mondh.vtiger.TestScript.MarketingAccountTestScript" name="verifyVT002UpdateAccounts" time="14.826"/>
  <testcase classname="com.mondh.vtiger.TestScript.MarketingAccountTestScript" name="verifyVT003SearchAccounts" time="5.143"/>
  <testcase classname="com.mondh.vtiger.TestScript.MarketingAccountTestScript" name="verifyVT004DeleteAccount" time="13.634"/>
  <testcase classname="com.mondh.vtiger.TestScript.BaseTest" name="@AfterSuite afterSuite" time="0.0">
    <ignored/>
  </testcase> <!-- @AfterSuite afterSuite -->
  <testcase classname="com.mondh.vtiger.TestScript.InventoryInvoiceTestScript" name="verifyVT005CreateInvoice" time="0.0">
    <ignored/>
  </testcase> <!-- verifyVT005CreateInvoice -->
  <testcase classname="com.mondh.vtiger.TestScript.BaseTest" name="@BeforeSuite beforeSuite" time="0.0">
    <ignored/>
  </testcase> <!-- @BeforeSuite beforeSuite -->
</testsuite> <!-- marketing -->
