<?xml version="1.0" encoding="UTF-8"?>
<!-- Generated by org.testng.reporters.JUnitXMLReporter -->
<testsuite ignored="11" hostname="RITESH" failures="0" tests="1" name="package" time="25.831" errors="0" timestamp="2024-09-14T09:05:06 IST">
  <testcase classname="com.mondh.vtiger.TestScript.MarketingAccountTestScript" name="verifyVT001CreateAccounts" time="17.95"/>
  <testcase classname="com.mondh.vtiger.TestScript.BaseTest" name="@BeforeSuite beforeSuite" time="0.0">
    <ignored/>
  </testcase> <!-- @BeforeSuite beforeSuite -->
  <testcase classname="com.mondh.vtiger.TestScript.MarketingAccountTestScript" name="verifyVT003SearchAccounts" time="0.0">
    <ignored/>
  </testcase> <!-- verifyVT003SearchAccounts -->
  <testcase classname="com.mondh.vtiger.TestScript.RunnerClass" name="string3" time="0.0">
    <ignored/>
  </testcase> <!-- string3 -->
  <testcase classname="com.mondh.vtiger.TestScript.RunnerClass" name="string1" time="0.0">
    <ignored/>
  </testcase> <!-- string1 -->
  <testcase classname="com.mondh.vtiger.TestScript.RunnerClass" name="string2" time="0.0">
    <ignored/>
  </testcase> <!-- string2 -->
  <testcase classname="com.mondh.vtiger.TestScript.BaseTest" name="@AfterSuite afterSuite" time="0.0">
    <ignored/>
  </testcase> <!-- @AfterSuite afterSuite -->
  <testcase classname="com.mondh.vtiger.TestScript.InventoryInvoiceTestScript" name="verifyVT005CreateInvoice" time="0.0">
    <ignored/>
  </testcase> <!-- verifyVT005CreateInvoice -->
  <testcase classname="com.mondh.vtiger.TestScript.MarketingAccountTestScript" name="verifyVT002UpdateAccounts" time="0.0">
    <ignored/>
  </testcase> <!-- verifyVT002UpdateAccounts -->
  <testcase classname="com.mondh.vtiger.TestScript.MarketingAccountTestScript" name="verifyVT004DeleteAccount" time="0.0">
    <ignored/>
  </testcase> <!-- verifyVT004DeleteAccount -->
  <testcase classname="com.mondh.vtiger.TestScript.BaseTest" name="@BeforeSuite beforeSuite" time="0.0">
    <ignored/>
  </testcase> <!-- @BeforeSuite beforeSuite -->
  <testcase classname="com.mondh.vtiger.TestScript.BaseTest" name="@AfterSuite afterSuite" time="0.0">
    <ignored/>
  </testcase> <!-- @AfterSuite afterSuite -->
</testsuite> <!-- package -->
