<?xml version="1.0" encoding="UTF-8"?>
<!-- Generated by org.testng.reporters.JUnitReportReporter -->
<testsuite hostname="MacBook" failures="0" tests="7" name="com.mondh.vtiger.TestScript.MarketingAccountTestScript" time="386.086" errors="0" timestamp="2025-05-30T16:45:55 IST" skipped="0">
  <testcase classname="com.mondh.vtiger.TestScript.MarketingAccountTestScript" name="verifyVT001CreateAccounts" time="60.912"/>
  <testcase classname="com.mondh.vtiger.TestScript.MarketingAccountTestScript" name="verifyVT001CreateAccounts" time="60.503"/>
  <testcase classname="com.mondh.vtiger.TestScript.MarketingAccountTestScript" name="verifyVT001CreateAccounts" time="35.862"/>
  <testcase classname="com.mondh.vtiger.TestScript.MarketingAccountTestScript" name="verifyVT001CreateAccounts" time="62.552"/>
  <testcase classname="com.mondh.vtiger.TestScript.MarketingAccountTestScript" name="verifyVT002UpdateAccounts" time="57.958"/>
  <testcase classname="com.mondh.vtiger.TestScript.MarketingAccountTestScript" name="verifyVT003SearchAccounts" time="50.135"/>
  <testcase classname="com.mondh.vtiger.TestScript.MarketingAccountTestScript" name="verifyVT004DeleteAccount" time="58.164"/>
</testsuite> <!-- com.mondh.vtiger.TestScript.MarketingAccountTestScript -->
