<?xml version="1.0" encoding="UTF-8"?>
<testng-results ignored="0" total="7" passed="7" failed="0" skipped="0">
  <reporter-output>
  </reporter-output>
  <suite started-at="2025-09-18T08:30:56 IST" name="VtigerTesting" finished-at="2025-09-18T08:36:50 IST" duration-ms="354144">
    <groups>
      <group name="Smoke">
        <method signature="MarketingAccountTestScript.verifyVT001CreateAccounts(java.util.Map)[pri:1, instance:com.mondh.vtiger.TestScript.MarketingAccountTestScript@6ad82709]" name="verifyVT001CreateAccounts" class="com.mondh.vtiger.TestScript.MarketingAccountTestScript"/>
        <method signature="MarketingAccountTestScript.verifyVT002UpdateAccounts()[pri:2, instance:com.mondh.vtiger.TestScript.MarketingAccountTestScript@6ad82709]" name="verifyVT002UpdateAccounts" class="com.mondh.vtiger.TestScript.MarketingAccountTestScript"/>
        <method signature="MarketingAccountTestScript.verifyVT003SearchAccounts()[pri:3, instance:com.mondh.vtiger.TestScript.MarketingAccountTestScript@6ad82709]" name="verifyVT003SearchAccounts" class="com.mondh.vtiger.TestScript.MarketingAccountTestScript"/>
        <method signature="MarketingAccountTestScript.verifyVT004DeleteAccount()[pri:4, instance:com.mondh.vtiger.TestScript.MarketingAccountTestScript@6ad82709]" name="verifyVT004DeleteAccount" class="com.mondh.vtiger.TestScript.MarketingAccountTestScript"/>
      </group> <!-- Smoke -->
    </groups>
    <test started-at="2025-09-18T08:30:56 IST" name="marketing" finished-at="2025-09-18T08:36:50 IST" duration-ms="354144">
      <class name="com.mondh.vtiger.TestScript.MarketingAccountTestScript">
        <test-method is-config="true" signature="beforeSuite()[pri:0, instance:com.mondh.vtiger.TestScript.MarketingAccountTestScript@6ad82709]" started-at="2025-09-18T08:30:56 IST" name="beforeSuite" finished-at="2025-09-18T08:30:56 IST" duration-ms="277" status="PASS">
          <reporter-output>
          </reporter-output>
        </test-method> <!-- beforeSuite -->
        <test-method is-config="true" signature="beforeClass(java.lang.String)[pri:0, instance:com.mondh.vtiger.TestScript.MarketingAccountTestScript@6ad82709]" started-at="2025-09-18T08:30:56 IST" name="beforeClass" finished-at="2025-09-18T08:31:38 IST" duration-ms="42368" status="PASS">
          <params>
            <param index="0">
              <value>
                <![CDATA[ChromeBrowser]]>
              </value>
            </param>
          </params>
          <reporter-output>
          </reporter-output>
        </test-method> <!-- beforeClass -->
        <test-method is-config="true" signature="beforegroup()[pri:0, instance:com.mondh.vtiger.TestScript.MarketingAccountTestScript@6ad82709]" started-at="2025-09-18T08:31:40 IST" name="beforegroup" finished-at="2025-09-18T08:31:40 IST" duration-ms="1" status="PASS">
          <reporter-output>
          </reporter-output>
        </test-method> <!-- beforegroup -->
        <test-method is-config="true" signature="beforeMethod(java.lang.String,java.lang.String,java.lang.reflect.Method)[pri:0, instance:com.mondh.vtiger.TestScript.MarketingAccountTestScript@6ad82709]" started-at="2025-09-18T08:31:40 IST" name="beforeMethod" finished-at="2025-09-18T08:31:43 IST" duration-ms="3349" status="PASS">
          <params>
            <param index="0">
              <value>
                <![CDATA[admin]]>
              </value>
            </param>
            <param index="1">
              <value>
                <![CDATA[admin]]>
              </value>
            </param>
            <param index="2">
              <value>
                <![CDATA[public void com.mondh.vtiger.TestScript.MarketingAccountTestScript.verifyVT001CreateAccounts(java.util.Map) throws java.lang.Exception]]>
              </value>
            </param>
          </params>
          <reporter-output>
          </reporter-output>
        </test-method> <!-- beforeMethod -->
        <test-method signature="verifyVT001CreateAccounts(java.util.Map)[pri:1, instance:com.mondh.vtiger.TestScript.MarketingAccountTestScript@6ad82709]" started-at="2025-09-18T08:31:43 IST" name="verifyVT001CreateAccounts" data-provider="getData" finished-at="2025-09-18T08:32:19 IST" duration-ms="35488" status="PASS">
          <params>
            <param index="0">
              <value>
                <![CDATA[{WebSite=www.bhadohi.com, Account Name=rajaBhai, Email=mondhRaja420@gmai.com, TicketSymbol=djmodh, Fax=1239874565, Phone=2147483647}]]>
              </value>
            </param>
          </params>
          <reporter-output>
          </reporter-output>
        </test-method> <!-- verifyVT001CreateAccounts -->
        <test-method is-config="true" signature="afterMethod(org.testng.ITestResult,java.lang.reflect.Method)[pri:0, instance:com.mondh.vtiger.TestScript.MarketingAccountTestScript@6ad82709]" started-at="2025-09-18T08:32:19 IST" name="afterMethod" finished-at="2025-09-18T08:32:40 IST" duration-ms="21627" status="PASS">
          <params>
            <param index="0">
              <value>
                <![CDATA[[TestResult name=verifyVT001CreateAccounts status=SUCCESS method=MarketingAccountTestScript.verifyVT001CreateAccounts(java.util.Map)[pri:1, instance:com.mondh.vtiger.TestScript.MarketingAccountTestScript@6ad82709] output={null}]]]>
              </value>
            </param>
            <param index="1">
              <value>
                <![CDATA[public void com.mondh.vtiger.TestScript.MarketingAccountTestScript.verifyVT001CreateAccounts(java.util.Map) throws java.lang.Exception]]>
              </value>
            </param>
          </params>
          <reporter-output>
          </reporter-output>
        </test-method> <!-- afterMethod -->
        <test-method is-config="true" signature="beforeMethod(java.lang.String,java.lang.String,java.lang.reflect.Method)[pri:0, instance:com.mondh.vtiger.TestScript.MarketingAccountTestScript@6ad82709]" started-at="2025-09-18T08:32:40 IST" name="beforeMethod" finished-at="2025-09-18T08:32:43 IST" duration-ms="2407" status="PASS">
          <params>
            <param index="0">
              <value>
                <![CDATA[admin]]>
              </value>
            </param>
            <param index="1">
              <value>
                <![CDATA[admin]]>
              </value>
            </param>
            <param index="2">
              <value>
                <![CDATA[public void com.mondh.vtiger.TestScript.MarketingAccountTestScript.verifyVT001CreateAccounts(java.util.Map) throws java.lang.Exception]]>
              </value>
            </param>
          </params>
          <reporter-output>
          </reporter-output>
        </test-method> <!-- beforeMethod -->
        <test-method signature="verifyVT001CreateAccounts(java.util.Map)[pri:1, instance:com.mondh.vtiger.TestScript.MarketingAccountTestScript@6ad82709]" started-at="2025-09-18T08:32:43 IST" name="verifyVT001CreateAccounts" data-provider="getData" finished-at="2025-09-18T08:32:59 IST" duration-ms="16790" status="PASS">
          <params>
            <param index="0">
              <value>
                <![CDATA[{WebSite=www.ram.com, Account Name=ram, Email=mondhRaja420@gmai.com, TicketSymbol=djmodh, Fax=1239874565, Phone=2147483647}]]>
              </value>
            </param>
          </params>
          <reporter-output>
          </reporter-output>
        </test-method> <!-- verifyVT001CreateAccounts -->
        <test-method is-config="true" signature="afterMethod(org.testng.ITestResult,java.lang.reflect.Method)[pri:0, instance:com.mondh.vtiger.TestScript.MarketingAccountTestScript@6ad82709]" started-at="2025-09-18T08:32:59 IST" name="afterMethod" finished-at="2025-09-18T08:33:21 IST" duration-ms="21214" status="PASS">
          <params>
            <param index="0">
              <value>
                <![CDATA[[TestResult name=verifyVT001CreateAccounts status=SUCCESS method=MarketingAccountTestScript.verifyVT001CreateAccounts(java.util.Map)[pri:1, instance:com.mondh.vtiger.TestScript.MarketingAccountTestScript@6ad82709] output={null}]]]>
              </value>
            </param>
            <param index="1">
              <value>
                <![CDATA[public void com.mondh.vtiger.TestScript.MarketingAccountTestScript.verifyVT001CreateAccounts(java.util.Map) throws java.lang.Exception]]>
              </value>
            </param>
          </params>
          <reporter-output>
          </reporter-output>
        </test-method> <!-- afterMethod -->
        <test-method is-config="true" signature="beforeMethod(java.lang.String,java.lang.String,java.lang.reflect.Method)[pri:0, instance:com.mondh.vtiger.TestScript.MarketingAccountTestScript@6ad82709]" started-at="2025-09-18T08:33:21 IST" name="beforeMethod" finished-at="2025-09-18T08:33:23 IST" duration-ms="2311" status="PASS">
          <params>
            <param index="0">
              <value>
                <![CDATA[admin]]>
              </value>
            </param>
            <param index="1">
              <value>
                <![CDATA[admin]]>
              </value>
            </param>
            <param index="2">
              <value>
                <![CDATA[public void com.mondh.vtiger.TestScript.MarketingAccountTestScript.verifyVT001CreateAccounts(java.util.Map) throws java.lang.Exception]]>
              </value>
            </param>
          </params>
          <reporter-output>
          </reporter-output>
        </test-method> <!-- beforeMethod -->
        <test-method signature="verifyVT001CreateAccounts(java.util.Map)[pri:1, instance:com.mondh.vtiger.TestScript.MarketingAccountTestScript@6ad82709]" started-at="2025-09-18T08:33:23 IST" name="verifyVT001CreateAccounts" data-provider="getData" finished-at="2025-09-18T08:33:40 IST" duration-ms="17469" status="PASS">
          <params>
            <param index="0">
              <value>
                <![CDATA[{WebSite=www.Rohit.com, Account Name=Rohit, Email=mondhRaja420@gmai.com, TicketSymbol=djmodh, Fax=1239874565, Phone=2147483647}]]>
              </value>
            </param>
          </params>
          <reporter-output>
          </reporter-output>
        </test-method> <!-- verifyVT001CreateAccounts -->
        <test-method is-config="true" signature="afterMethod(org.testng.ITestResult,java.lang.reflect.Method)[pri:0, instance:com.mondh.vtiger.TestScript.MarketingAccountTestScript@6ad82709]" started-at="2025-09-18T08:33:40 IST" name="afterMethod" finished-at="2025-09-18T08:34:02 IST" duration-ms="21111" status="PASS">
          <params>
            <param index="0">
              <value>
                <![CDATA[[TestResult name=verifyVT001CreateAccounts status=SUCCESS method=MarketingAccountTestScript.verifyVT001CreateAccounts(java.util.Map)[pri:1, instance:com.mondh.vtiger.TestScript.MarketingAccountTestScript@6ad82709] output={null}]]]>
              </value>
            </param>
            <param index="1">
              <value>
                <![CDATA[public void com.mondh.vtiger.TestScript.MarketingAccountTestScript.verifyVT001CreateAccounts(java.util.Map) throws java.lang.Exception]]>
              </value>
            </param>
          </params>
          <reporter-output>
          </reporter-output>
        </test-method> <!-- afterMethod -->
        <test-method is-config="true" signature="beforeMethod(java.lang.String,java.lang.String,java.lang.reflect.Method)[pri:0, instance:com.mondh.vtiger.TestScript.MarketingAccountTestScript@6ad82709]" started-at="2025-09-18T08:34:02 IST" name="beforeMethod" finished-at="2025-09-18T08:34:05 IST" duration-ms="3307" status="PASS">
          <params>
            <param index="0">
              <value>
                <![CDATA[admin]]>
              </value>
            </param>
            <param index="1">
              <value>
                <![CDATA[admin]]>
              </value>
            </param>
            <param index="2">
              <value>
                <![CDATA[public void com.mondh.vtiger.TestScript.MarketingAccountTestScript.verifyVT001CreateAccounts(java.util.Map) throws java.lang.Exception]]>
              </value>
            </param>
          </params>
          <reporter-output>
          </reporter-output>
        </test-method> <!-- beforeMethod -->
        <test-method signature="verifyVT001CreateAccounts(java.util.Map)[pri:1, instance:com.mondh.vtiger.TestScript.MarketingAccountTestScript@6ad82709]" started-at="2025-09-18T08:34:05 IST" name="verifyVT001CreateAccounts" data-provider="getData" finished-at="2025-09-18T08:34:22 IST" duration-ms="17091" status="PASS">
          <params>
            <param index="0">
              <value>
                <![CDATA[{WebSite=www.priya.com, Account Name=Priya, Email=mondhRaja420@gmai.com, TicketSymbol=djmodh, Fax=1239874565, Phone=2147483647}]]>
              </value>
            </param>
          </params>
          <reporter-output>
          </reporter-output>
        </test-method> <!-- verifyVT001CreateAccounts -->
        <test-method is-config="true" signature="afterMethod(org.testng.ITestResult,java.lang.reflect.Method)[pri:0, instance:com.mondh.vtiger.TestScript.MarketingAccountTestScript@6ad82709]" started-at="2025-09-18T08:34:22 IST" name="afterMethod" finished-at="2025-09-18T08:34:43 IST" duration-ms="21070" status="PASS">
          <params>
            <param index="0">
              <value>
                <![CDATA[[TestResult name=verifyVT001CreateAccounts status=SUCCESS method=MarketingAccountTestScript.verifyVT001CreateAccounts(java.util.Map)[pri:1, instance:com.mondh.vtiger.TestScript.MarketingAccountTestScript@6ad82709] output={null}]]]>
              </value>
            </param>
            <param index="1">
              <value>
                <![CDATA[public void com.mondh.vtiger.TestScript.MarketingAccountTestScript.verifyVT001CreateAccounts(java.util.Map) throws java.lang.Exception]]>
              </value>
            </param>
          </params>
          <reporter-output>
          </reporter-output>
        </test-method> <!-- afterMethod -->
        <test-method is-config="true" signature="beforeMethod(java.lang.String,java.lang.String,java.lang.reflect.Method)[pri:0, instance:com.mondh.vtiger.TestScript.MarketingAccountTestScript@6ad82709]" started-at="2025-09-18T08:34:43 IST" name="beforeMethod" finished-at="2025-09-18T08:34:46 IST" duration-ms="2546" status="PASS">
          <params>
            <param index="0">
              <value>
                <![CDATA[admin]]>
              </value>
            </param>
            <param index="1">
              <value>
                <![CDATA[admin]]>
              </value>
            </param>
            <param index="2">
              <value>
                <![CDATA[public void com.mondh.vtiger.TestScript.MarketingAccountTestScript.verifyVT002UpdateAccounts() throws java.lang.Exception]]>
              </value>
            </param>
          </params>
          <reporter-output>
          </reporter-output>
        </test-method> <!-- beforeMethod -->
        <test-method signature="verifyVT002UpdateAccounts()[pri:2, instance:com.mondh.vtiger.TestScript.MarketingAccountTestScript@6ad82709]" started-at="2025-09-18T08:34:46 IST" name="verifyVT002UpdateAccounts" finished-at="2025-09-18T08:35:01 IST" duration-ms="15831" status="PASS">
          <reporter-output>
          </reporter-output>
        </test-method> <!-- verifyVT002UpdateAccounts -->
        <test-method is-config="true" signature="afterMethod(org.testng.ITestResult,java.lang.reflect.Method)[pri:0, instance:com.mondh.vtiger.TestScript.MarketingAccountTestScript@6ad82709]" started-at="2025-09-18T08:35:01 IST" name="afterMethod" finished-at="2025-09-18T08:35:22 IST" duration-ms="21019" status="PASS">
          <params>
            <param index="0">
              <value>
                <![CDATA[[TestResult name=verifyVT002UpdateAccounts status=SUCCESS method=MarketingAccountTestScript.verifyVT002UpdateAccounts()[pri:2, instance:com.mondh.vtiger.TestScript.MarketingAccountTestScript@6ad82709] output={null}]]]>
              </value>
            </param>
            <param index="1">
              <value>
                <![CDATA[public void com.mondh.vtiger.TestScript.MarketingAccountTestScript.verifyVT002UpdateAccounts() throws java.lang.Exception]]>
              </value>
            </param>
          </params>
          <reporter-output>
          </reporter-output>
        </test-method> <!-- afterMethod -->
        <test-method is-config="true" signature="beforeMethod(java.lang.String,java.lang.String,java.lang.reflect.Method)[pri:0, instance:com.mondh.vtiger.TestScript.MarketingAccountTestScript@6ad82709]" started-at="2025-09-18T08:35:22 IST" name="beforeMethod" finished-at="2025-09-18T08:35:25 IST" duration-ms="3001" status="PASS">
          <params>
            <param index="0">
              <value>
                <![CDATA[admin]]>
              </value>
            </param>
            <param index="1">
              <value>
                <![CDATA[admin]]>
              </value>
            </param>
            <param index="2">
              <value>
                <![CDATA[public void com.mondh.vtiger.TestScript.MarketingAccountTestScript.verifyVT003SearchAccounts() throws java.lang.Exception]]>
              </value>
            </param>
          </params>
          <reporter-output>
          </reporter-output>
        </test-method> <!-- beforeMethod -->
        <test-method signature="verifyVT003SearchAccounts()[pri:3, instance:com.mondh.vtiger.TestScript.MarketingAccountTestScript@6ad82709]" started-at="2025-09-18T08:35:25 IST" name="verifyVT003SearchAccounts" finished-at="2025-09-18T08:35:31 IST" duration-ms="5507" status="PASS">
          <reporter-output>
          </reporter-output>
        </test-method> <!-- verifyVT003SearchAccounts -->
        <test-method is-config="true" signature="afterMethod(org.testng.ITestResult,java.lang.reflect.Method)[pri:0, instance:com.mondh.vtiger.TestScript.MarketingAccountTestScript@6ad82709]" started-at="2025-09-18T08:35:31 IST" name="afterMethod" finished-at="2025-09-18T08:36:12 IST" duration-ms="40772" status="PASS">
          <params>
            <param index="0">
              <value>
                <![CDATA[[TestResult name=verifyVT003SearchAccounts status=SUCCESS method=MarketingAccountTestScript.verifyVT003SearchAccounts()[pri:3, instance:com.mondh.vtiger.TestScript.MarketingAccountTestScript@6ad82709] output={null}]]]>
              </value>
            </param>
            <param index="1">
              <value>
                <![CDATA[public void com.mondh.vtiger.TestScript.MarketingAccountTestScript.verifyVT003SearchAccounts() throws java.lang.Exception]]>
              </value>
            </param>
          </params>
          <reporter-output>
          </reporter-output>
        </test-method> <!-- afterMethod -->
        <test-method is-config="true" signature="beforeMethod(java.lang.String,java.lang.String,java.lang.reflect.Method)[pri:0, instance:com.mondh.vtiger.TestScript.MarketingAccountTestScript@6ad82709]" started-at="2025-09-18T08:36:12 IST" name="beforeMethod" finished-at="2025-09-18T08:36:15 IST" duration-ms="3365" status="PASS">
          <params>
            <param index="0">
              <value>
                <![CDATA[admin]]>
              </value>
            </param>
            <param index="1">
              <value>
                <![CDATA[admin]]>
              </value>
            </param>
            <param index="2">
              <value>
                <![CDATA[public void com.mondh.vtiger.TestScript.MarketingAccountTestScript.verifyVT004DeleteAccount() throws java.lang.InterruptedException]]>
              </value>
            </param>
          </params>
          <reporter-output>
          </reporter-output>
        </test-method> <!-- beforeMethod -->
        <test-method signature="verifyVT004DeleteAccount()[pri:4, instance:com.mondh.vtiger.TestScript.MarketingAccountTestScript@6ad82709]" started-at="2025-09-18T08:36:15 IST" name="verifyVT004DeleteAccount" finished-at="2025-09-18T08:36:29 IST" duration-ms="14018" status="PASS">
          <reporter-output>
          </reporter-output>
        </test-method> <!-- verifyVT004DeleteAccount -->
        <test-method is-config="true" signature="afterMethod(org.testng.ITestResult,java.lang.reflect.Method)[pri:0, instance:com.mondh.vtiger.TestScript.MarketingAccountTestScript@6ad82709]" started-at="2025-09-18T08:36:29 IST" name="afterMethod" finished-at="2025-09-18T08:36:50 IST" duration-ms="20883" status="PASS">
          <params>
            <param index="0">
              <value>
                <![CDATA[[TestResult name=verifyVT004DeleteAccount status=SUCCESS method=MarketingAccountTestScript.verifyVT004DeleteAccount()[pri:4, instance:com.mondh.vtiger.TestScript.MarketingAccountTestScript@6ad82709] output={null}]]]>
              </value>
            </param>
            <param index="1">
              <value>
                <![CDATA[public void com.mondh.vtiger.TestScript.MarketingAccountTestScript.verifyVT004DeleteAccount() throws java.lang.InterruptedException]]>
              </value>
            </param>
          </params>
          <reporter-output>
          </reporter-output>
        </test-method> <!-- afterMethod -->
        <test-method is-config="true" signature="aftergroup()[pri:0, instance:com.mondh.vtiger.TestScript.MarketingAccountTestScript@6ad82709]" started-at="2025-09-18T08:36:50 IST" name="aftergroup" finished-at="2025-09-18T08:36:50 IST" duration-ms="1" status="PASS">
          <reporter-output>
          </reporter-output>
        </test-method> <!-- aftergroup -->
        <test-method is-config="true" signature="afterClass()[pri:0, instance:com.mondh.vtiger.TestScript.MarketingAccountTestScript@6ad82709]" started-at="2025-09-18T08:36:50 IST" name="afterClass" finished-at="2025-09-18T08:36:50 IST" duration-ms="289" status="PASS">
          <reporter-output>
          </reporter-output>
        </test-method> <!-- afterClass -->
        <test-method is-config="true" signature="afterSuite()[pri:0, instance:com.mondh.vtiger.TestScript.MarketingAccountTestScript@6ad82709]" started-at="2025-09-18T08:36:50 IST" name="afterSuite" finished-at="2025-09-18T08:36:50 IST" duration-ms="11" status="PASS">
          <reporter-output>
          </reporter-output>
        </test-method> <!-- afterSuite -->
      </class> <!-- com.mondh.vtiger.TestScript.MarketingAccountTestScript -->
    </test> <!-- marketing -->
  </suite> <!-- VtigerTesting -->
</testng-results>
